# JRE version: Java(TM) SE Runtime Environment (18.0.1.1+2) (build 18.0.1.1+2-6)
# Java VM: Java HotSpot(TM) 64-Bit Server VM (18.0.1.1+2-6, mixed mode, sharing, tiered, compressed oops, compressed class ptrs, g1 gc, windows-amd64)
GC Precious Log:
 CardTable entry size: 512
 Card Set container configuration: InlinePtr #cards 4 size 8 Array Of Cards #cards 16 size 48 Howl #buckets 8 coarsen threshold 3686 Howl Bitmap #cards 512 size 80 coarsen threshold 460 Card regions per heap region 1 cards per card region 4096
 CPUs: 6 total, 6 available
 Memory: 16300M
 Large Page Support: Disabled
 NUMA Support: Disabled
 Compressed Oops: Enabled (Zero based)
 Heap Region Size: 2M
 Heap Min Capacity: 8M
 Heap Initial Capacity: 256M
 Heap Max Capacity: 4076M
 Pre-touch: Disabled
 Parallel Workers: 6
 Concurrent Workers: 2
 Concurrent Refinement Workers: 6
 Periodic GC: Disabled
Heap:
 garbage-first heap   total 182272K, used 149021K [0x0000000701400000, 0x0000000800000000)
  region size 2048K, 44 young (90112K), 4 survivors (8192K)
 Metaspace       used 78324K, committed 79040K, reserved 1179648K
  class space    used 9071K, committed 9408K, reserved 1048576K
GC Heap History (20 events):
Event: 1155.537 GC heap after
{Heap after GC invocations=92 (full 6):
 garbage-first heap   total 151552K, used 53804K [0x0000000701400000, 0x0000000800000000)
  region size 2048K, 3 young (6144K), 3 survivors (6144K)
 Metaspace       used 75535K, committed 76224K, reserved 1179648K
  class space    used 8864K, committed 9216K, reserved 1048576K
}
Event: 1155.648 GC heap before
{Heap before GC invocations=92 (full 6):
 garbage-first heap   total 151552K, used 123436K [0x0000000701400000, 0x0000000800000000)
  region size 2048K, 37 young (75776K), 3 survivors (6144K)
 Metaspace       used 75535K, committed 76224K, reserved 1179648K
  class space    used 8864K, committed 9216K, reserved 1048576K
}
Event: 1155.650 GC heap after
{Heap after GC invocations=93 (full 6):
 garbage-first heap   total 151552K, used 54336K [0x0000000701400000, 0x0000000800000000)
  region size 2048K, 3 young (6144K), 3 survivors (6144K)
 Metaspace       used 75535K, committed 76224K, reserved 1179648K
  class space    used 8864K, committed 9216K, reserved 1048576K
}
Event: 1155.898 GC heap before
{Heap before GC invocations=93 (full 6):
 garbage-first heap   total 151552K, used 123968K [0x0000000701400000, 0x0000000800000000)
  region size 2048K, 37 young (75776K), 3 survivors (6144K)
 Metaspace       used 75728K, committed 76416K, reserved 1179648K
  class space    used 8888K, committed 9216K, reserved 1048576K
}
Event: 1155.901 GC heap after
{Heap after GC invocations=94 (full 6):
 garbage-first heap   total 182272K, used 56263K [0x0000000701400000, 0x0000000800000000)
  region size 2048K, 4 young (8192K), 4 survivors (8192K)
 Metaspace       used 75728K, committed 76416K, reserved 1179648K
  class space    used 8888K, committed 9216K, reserved 1048576K
}
Event: 1156.345 GC heap before
{Heap before GC invocations=94 (full 6):
 garbage-first heap   total 182272K, used 150471K [0x0000000701400000, 0x0000000800000000)
  region size 2048K, 50 young (102400K), 4 survivors (8192K)
 Metaspace       used 75955K, committed 76608K, reserved 1179648K
  class space    used 8907K, committed 9216K, reserved 1048576K
}
Event: 1156.349 GC heap after
{Heap after GC invocations=95 (full 6):
 garbage-first heap   total 182272K, used 57477K [0x0000000701400000, 0x0000000800000000)
  region size 2048K, 4 young (8192K), 4 survivors (8192K)
 Metaspace       used 75955K, committed 76608K, reserved 1179648K
  class space    used 8907K, committed 9216K, reserved 1048576K
}
Event: 1157.039 GC heap before
{Heap before GC invocations=95 (full 6):
 garbage-first heap   total 182272K, used 151685K [0x0000000701400000, 0x0000000800000000)
  region size 2048K, 50 young (102400K), 4 survivors (8192K)
 Metaspace       used 76633K, committed 77312K, reserved 1179648K
  class space    used 8949K, committed 9280K, reserved 1048576K
}
Event: 1157.044 GC heap after
{Heap after GC invocations=96 (full 6):
 garbage-first heap   total 182272K, used 60602K [0x0000000701400000, 0x0000000800000000)
  region size 2048K, 5 young (10240K), 5 survivors (10240K)
 Metaspace       used 76633K, committed 77312K, reserved 1179648K
  class space    used 8949K, committed 9280K, reserved 1048576K
}
Event: 1168.112 GC heap before
{Heap before GC invocations=96 (full 6):
 garbage-first heap   total 182272K, used 150714K [0x0000000701400000, 0x0000000800000000)
  region size 2048K, 49 young (100352K), 5 survivors (10240K)
 Metaspace       used 77099K, committed 77760K, reserved 1179648K
  class space    used 8979K, committed 9280K, reserved 1048576K
}
Event: 1168.115 GC heap after
{Heap after GC invocations=97 (full 6):
 garbage-first heap   total 182272K, used 61382K [0x0000000701400000, 0x0000000800000000)
  region size 2048K, 4 young (8192K), 4 survivors (8192K)
 Metaspace       used 77099K, committed 77760K, reserved 1179648K
  class space    used 8979K, committed 9280K, reserved 1048576K
}
Event: 1168.308 GC heap before
{Heap before GC invocations=97 (full 6):
 garbage-first heap   total 182272K, used 151494K [0x0000000701400000, 0x0000000800000000)
  region size 2048K, 48 young (98304K), 4 survivors (8192K)
 Metaspace       used 77099K, committed 77760K, reserved 1179648K
  class space    used 8979K, committed 9280K, reserved 1048576K
}
Event: 1168.311 GC heap after
{Heap after GC invocations=98 (full 6):
 garbage-first heap   total 182272K, used 61571K [0x0000000701400000, 0x0000000800000000)
  region size 2048K, 4 young (8192K), 4 survivors (8192K)
 Metaspace       used 77099K, committed 77760K, reserved 1179648K
  class space    used 8979K, committed 9280K, reserved 1048576K
}
Event: 1168.504 GC heap before
{Heap before GC invocations=98 (full 6):
 garbage-first heap   total 182272K, used 151683K [0x0000000701400000, 0x0000000800000000)
  region size 2048K, 48 young (98304K), 4 survivors (8192K)
 Metaspace       used 77099K, committed 77760K, reserved 1179648K
  class space    used 8979K, committed 9280K, reserved 1048576K
}
Event: 1168.507 GC heap after
{Heap after GC invocations=99 (full 6):
 garbage-first heap   total 182272K, used 61685K [0x0000000701400000, 0x0000000800000000)
  region size 2048K, 4 young (8192K), 4 survivors (8192K)
 Metaspace       used 77099K, committed 77760K, reserved 1179648K
  class space    used 8979K, committed 9280K, reserved 1048576K
}
Event: 1168.937 GC heap before
{Heap before GC invocations=99 (full 6):
 garbage-first heap   total 182272K, used 151797K [0x0000000701400000, 0x0000000800000000)
  region size 2048K, 48 young (98304K), 4 survivors (8192K)
 Metaspace       used 77449K, committed 78080K, reserved 1179648K
  class space    used 9017K, committed 9344K, reserved 1048576K
}
Event: 1168.940 GC heap after
{Heap after GC invocations=100 (full 6):
 garbage-first heap   total 182272K, used 63721K [0x0000000701400000, 0x0000000800000000)
  region size 2048K, 4 young (8192K), 4 survivors (8192K)
 Metaspace       used 77449K, committed 78080K, reserved 1179648K
  class space    used 9017K, committed 9344K, reserved 1048576K
}
Event: 1169.588 GC heap before
{Heap before GC invocations=100 (full 6):
 garbage-first heap   total 182272K, used 151785K [0x0000000701400000, 0x0000000800000000)
  region size 2048K, 47 young (96256K), 4 survivors (8192K)
 Metaspace       used 77906K, committed 78656K, reserved 1179648K
  class space    used 9050K, committed 9408K, reserved 1048576K
}
Event: 1169.592 GC heap after
{Heap after GC invocations=101 (full 6):
 garbage-first heap   total 182272K, used 67101K [0x0000000701400000, 0x0000000800000000)
  region size 2048K, 5 young (10240K), 5 survivors (10240K)
 Metaspace       used 77906K, committed 78656K, reserved 1179648K
  class space    used 9050K, committed 9408K, reserved 1048576K
}
Event: 1271.979 GC heap before
{Heap before GC invocations=101 (full 6):
 garbage-first heap   total 182272K, used 149021K [0x0000000701400000, 0x0000000800000000)
  region size 2048K, 45 young (92160K), 5 survivors (10240K)
 Metaspace       used 78324K, committed 79040K, reserved 1179648K
  class space    used 9071K, committed 9408K, reserved 1048576K
}

